INFO:2026-05-31 00:31:59 2243687:2243687 init.cpp:149] Registering daemon config loader, cpuOnly =  0
INFO:2026-05-31 00:31:59 2243687:2243687 CuptiActivityProfiler.cpp:245] CUDA versions. CUPTI: 26; Runtime: 12080; Driver: 13000
00:32:01 INFO === experiment-runner :: dinov3_base_augonly_normal_d3_d4 (task=classification smoke=False) ===
00:32:01 INFO spec=/home/seungeon/Workspace/side/radish/_workspace/specs/exp_dinov3_base_augonly_normal_d3_d4.yaml outdir=/home/seungeon/Workspace/side/radish/experiments/dinov3_base_augonly_normal_d3_d4 device=cuda:0
00:32:01 INFO seed=42 cudnn.benchmark=True deterministic=False
00:32:02 INFO device=cuda:0 gpu=NVIDIA RTX PRO 6000 Blackwell Max-Q Workstation Edition
00:32:03 INFO Building classification loaders: setting=normal_d3_d4 img=512 bs=64 aug=strong
00:32:37 INFO class_names=['normal', 'disease_3', 'disease_4'] train_counts={'normal': 227, 'disease_3': 227, 'disease_4': 227} valid_counts={'normal': 1303, 'disease_3': 76, 'disease_4': 24}
00:32:39 INFO optimizer params: trainable=395267 total=86036483 (0.46%)
/home/seungeon/Workspace/side/radish/src/train.py:284: UserWarning: Converting a tensor with requires_grad=True to a scalar may lead to unexpected behavior.
Consider using tensor.detach() first. (Triggered internally at /pytorch/torch/csrc/autograd/generated/python_variable_methods.cpp:836.)
  running_loss += float(loss) * images.size(0)
00:32:44 INFO ep0 step0 loss=1.0962 lr=3.03e-05
00:32:46 INFO ep0 step10 loss=0.9977 lr=3.33e-04
00:32:52 INFO [ep0] train_loss=1.0638 val_loss=0.9592 val_pr_auc=0.4763 auroc=0.9599 f1_macro=0.4756 recall_macro=0.6850 prec_macro=0.5413 acc=0.7277 (12.6s)
00:32:54 INFO ep1 step0 loss=0.9854 lr=3.64e-04
00:32:56 INFO ep1 step10 loss=0.7198 lr=6.67e-04
00:33:00 INFO [ep1] train_loss=0.8595 val_loss=0.4416 val_pr_auc=0.5621 auroc=0.9762 f1_macro=0.3872 recall_macro=0.6237 prec_macro=0.6977 acc=0.8411 (8.2s)
00:33:03 INFO ep2 step0 loss=0.6137 lr=6.97e-04
00:33:05 INFO ep2 step10 loss=0.5160 lr=1.00e-03
00:33:09 INFO [ep2] train_loss=0.5911 val_loss=0.3292 val_pr_auc=0.5892 auroc=0.9806 f1_macro=0.4485 recall_macro=0.6708 prec_macro=0.7016 acc=0.8539 (8.5s)
00:33:12 INFO ep3 step0 loss=0.5267 lr=1.00e-03
00:33:14 INFO ep3 step10 loss=0.4266 lr=9.99e-04
00:33:18 INFO [ep3] train_loss=0.4653 val_loss=0.1834 val_pr_auc=0.6385 auroc=0.9877 f1_macro=0.6340 recall_macro=0.7879 prec_macro=0.6304 acc=0.9259 (8.1s)
00:33:21 INFO ep4 step0 loss=0.4096 lr=9.98e-04
00:33:23 INFO ep4 step10 loss=0.2970 lr=9.93e-04
00:33:27 INFO [ep4] train_loss=0.4021 val_loss=0.1449 val_pr_auc=0.6625 auroc=0.9897 f1_macro=0.6519 recall_macro=0.7871 prec_macro=0.6837 acc=0.9351 (8.5s)
00:33:30 INFO ep5 step0 loss=0.4389 lr=9.93e-04
00:33:32 INFO ep5 step10 loss=0.4455 lr=9.85e-04
00:33:36 INFO [ep5] train_loss=0.4005 val_loss=0.1424 val_pr_auc=0.6665 auroc=0.9900 f1_macro=0.6569 recall_macro=0.7884 prec_macro=0.6870 acc=0.9387 (8.4s)
00:33:40 INFO ep6 step0 loss=0.3793 lr=9.84e-04
00:33:42 INFO ep6 step10 loss=0.3708 lr=9.73e-04
00:33:46 INFO [ep6] train_loss=0.3764 val_loss=0.1021 val_pr_auc=0.6713 auroc=0.9909 f1_macro=0.7172 recall_macro=0.7943 prec_macro=0.6936 acc=0.9608 (8.6s)
00:33:49 INFO ep7 step0 loss=0.3784 lr=9.71e-04
00:33:51 INFO ep7 step10 loss=0.3212 lr=9.57e-04
00:33:55 INFO [ep7] train_loss=0.3604 val_loss=0.1086 val_pr_auc=0.6934 auroc=0.9921 f1_macro=0.7002 recall_macro=0.8198 prec_macro=0.7322 acc=0.9537 (8.9s)
00:33:58 INFO ep8 step0 loss=0.2878 lr=9.56e-04
00:34:00 INFO ep8 step10 loss=0.3516 lr=9.38e-04
00:34:04 INFO [ep8] train_loss=0.3476 val_loss=0.1045 val_pr_auc=0.7104 auroc=0.9922 f1_macro=0.7166 recall_macro=0.8242 prec_macro=0.7326 acc=0.9579 (8.3s)
00:34:07 INFO ep9 step0 loss=0.3341 lr=9.37e-04
00:34:09 INFO ep9 step10 loss=0.4142 lr=9.16e-04
00:34:13 INFO [ep9] train_loss=0.3437 val_loss=0.0925 val_pr_auc=0.7087 auroc=0.9923 f1_macro=0.7386 recall_macro=0.8423 prec_macro=0.7424 acc=0.9622 (8.2s)
00:34:16 INFO ep10 step0 loss=0.3703 lr=9.14e-04
00:34:18 INFO ep10 step10 loss=0.3574 lr=8.91e-04
00:34:22 INFO [ep10] train_loss=0.3349 val_loss=0.0845 val_pr_auc=0.6981 auroc=0.9921 f1_macro=0.7462 recall_macro=0.8274 prec_macro=0.7291 acc=0.9658 (8.3s)
00:34:24 INFO ep11 step0 loss=0.3464 lr=8.89e-04
00:34:26 INFO ep11 step10 loss=0.2799 lr=8.64e-04
00:34:30 INFO [ep11] train_loss=0.3187 val_loss=0.0716 val_pr_auc=0.6967 auroc=0.9918 f1_macro=0.7226 recall_macro=0.7683 prec_macro=0.7012 acc=0.9679 (8.4s)
00:34:33 INFO ep12 step0 loss=0.3285 lr=8.61e-04
00:34:35 INFO ep12 step10 loss=0.3215 lr=8.33e-04
00:34:39 INFO [ep12] train_loss=0.3389 val_loss=0.0674 val_pr_auc=0.6979 auroc=0.9920 f1_macro=0.7272 recall_macro=0.7727 prec_macro=0.7044 acc=0.9686 (8.5s)
00:34:42 INFO ep13 step0 loss=0.4913 lr=8.30e-04
00:34:44 INFO ep13 step10 loss=0.3149 lr=8.00e-04
00:34:48 INFO [ep13] train_loss=0.3138 val_loss=0.0575 val_pr_auc=0.7356 auroc=0.9941 f1_macro=0.7699 recall_macro=0.8261 prec_macro=0.7552 acc=0.9736 (8.5s)
00:34:51 INFO ep14 step0 loss=0.3776 lr=7.97e-04
00:34:53 INFO ep14 step10 loss=0.2472 lr=7.65e-04
00:34:57 INFO [ep14] train_loss=0.3309 val_loss=0.0637 val_pr_auc=0.7456 auroc=0.9946 f1_macro=0.7706 recall_macro=0.8515 prec_macro=0.7781 acc=0.9729 (8.3s)
00:35:00 INFO ep15 step0 loss=0.3029 lr=7.62e-04
00:35:02 INFO ep15 step10 loss=0.1855 lr=7.29e-04
00:35:06 INFO [ep15] train_loss=0.3052 val_loss=0.0608 val_pr_auc=0.7235 auroc=0.9929 f1_macro=0.7432 recall_macro=0.7822 prec_macro=0.7193 acc=0.9722 (8.5s)
00:35:08 INFO ep16 step0 loss=0.3192 lr=7.25e-04
00:35:11 INFO ep16 step10 loss=0.3531 lr=6.90e-04
00:35:15 INFO [ep16] train_loss=0.2877 val_loss=0.0810 val_pr_auc=0.7207 auroc=0.9928 f1_macro=0.7525 recall_macro=0.8480 prec_macro=0.7522 acc=0.9665 (8.5s)
00:35:18 INFO ep17 step0 loss=0.2354 lr=6.86e-04
00:35:19 INFO ep17 step10 loss=0.2714 lr=6.50e-04
00:35:24 INFO [ep17] train_loss=0.2956 val_loss=0.0894 val_pr_auc=0.7276 auroc=0.9933 f1_macro=0.7305 recall_macro=0.8355 prec_macro=0.7495 acc=0.9629 (8.4s)
00:35:26 INFO ep18 step0 loss=0.4465 lr=6.46e-04
00:35:28 INFO ep18 step10 loss=0.2569 lr=6.09e-04
00:35:32 INFO [ep18] train_loss=0.3024 val_loss=0.0860 val_pr_auc=0.7460 auroc=0.9943 f1_macro=0.7154 recall_macro=0.8149 prec_macro=0.7542 acc=0.9629 (8.6s)
00:35:35 INFO ep19 step0 loss=0.2723 lr=6.05e-04
00:35:37 INFO ep19 step10 loss=0.2776 lr=5.67e-04
00:35:42 INFO [ep19] train_loss=0.3205 val_loss=0.0788 val_pr_auc=0.7305 auroc=0.9935 f1_macro=0.7461 recall_macro=0.8451 prec_macro=0.7582 acc=0.9665 (8.9s)
00:35:44 INFO ep20 step0 loss=0.3242 lr=5.64e-04
00:35:46 INFO ep20 step10 loss=0.1985 lr=5.25e-04
00:35:51 INFO [ep20] train_loss=0.2755 val_loss=0.0768 val_pr_auc=0.7355 auroc=0.9937 f1_macro=0.7389 recall_macro=0.8273 prec_macro=0.7514 acc=0.9665 (8.4s)
00:35:53 INFO ep21 step0 loss=0.3840 lr=5.21e-04
00:35:55 INFO ep21 step10 loss=0.1900 lr=4.83e-04
00:35:59 INFO [ep21] train_loss=0.2814 val_loss=0.0813 val_pr_auc=0.7102 auroc=0.9919 f1_macro=0.7693 recall_macro=0.8599 prec_macro=0.7504 acc=0.9686 (8.5s)
00:36:02 INFO ep22 step0 loss=0.2762 lr=4.79e-04
00:36:04 INFO ep22 step10 loss=0.1784 lr=4.40e-04
00:36:08 INFO [ep22] train_loss=0.2936 val_loss=0.0640 val_pr_auc=0.7279 auroc=0.9931 f1_macro=0.7642 recall_macro=0.8244 prec_macro=0.7431 acc=0.9722 (8.6s)
00:36:11 INFO ep23 step0 loss=0.2944 lr=4.36e-04
00:36:13 INFO ep23 step10 loss=0.3710 lr=3.98e-04
00:36:17 INFO [ep23] train_loss=0.3270 val_loss=0.0685 val_pr_auc=0.7335 auroc=0.9933 f1_macro=0.7679 recall_macro=0.8536 prec_macro=0.7607 acc=0.9708 (8.5s)
00:36:20 INFO ep24 step0 loss=0.3138 lr=3.95e-04
00:36:22 INFO ep24 step10 loss=0.4279 lr=3.57e-04
00:36:26 INFO [ep24] train_loss=0.2859 val_loss=0.0766 val_pr_auc=0.7404 auroc=0.9938 f1_macro=0.7267 recall_macro=0.8183 prec_macro=0.7453 acc=0.9644 (8.3s)
00:36:28 INFO ep25 step0 loss=0.2743 lr=3.54e-04
00:36:30 INFO ep25 step10 loss=0.2804 lr=3.17e-04
00:36:34 INFO [ep25] train_loss=0.2687 val_loss=0.0578 val_pr_auc=0.7489 auroc=0.9942 f1_macro=0.7933 recall_macro=0.8637 prec_macro=0.7815 acc=0.9758 (8.2s)
00:36:37 INFO ep26 step0 loss=0.2832 lr=3.14e-04
00:36:39 INFO ep26 step10 loss=0.2558 lr=2.78e-04
00:36:43 INFO [ep26] train_loss=0.2767 val_loss=0.0591 val_pr_auc=0.7558 auroc=0.9946 f1_macro=0.7679 recall_macro=0.8420 prec_macro=0.7713 acc=0.9729 (8.3s)
00:36:46 INFO ep27 step0 loss=0.3618 lr=2.75e-04
00:36:48 INFO ep27 step10 loss=0.2846 lr=2.41e-04
00:36:52 INFO [ep27] train_loss=0.2679 val_loss=0.0648 val_pr_auc=0.7476 auroc=0.9941 f1_macro=0.7609 recall_macro=0.8412 prec_macro=0.7645 acc=0.9708 (8.3s)
00:36:55 INFO ep28 step0 loss=0.3602 lr=2.38e-04
00:36:57 INFO ep28 step10 loss=0.1979 lr=2.06e-04
00:37:01 INFO [ep28] train_loss=0.2806 val_loss=0.0713 val_pr_auc=0.7386 auroc=0.9935 f1_macro=0.7635 recall_macro=0.8531 prec_macro=0.7599 acc=0.9694 (8.1s)
00:37:03 INFO ep29 step0 loss=0.2811 lr=2.03e-04
00:37:05 INFO ep29 step10 loss=0.1570 lr=1.73e-04
00:37:10 INFO [ep29] train_loss=0.2820 val_loss=0.0788 val_pr_auc=0.7292 auroc=0.9931 f1_macro=0.7457 recall_macro=0.8433 prec_macro=0.7485 acc=0.9651 (8.4s)
00:37:12 INFO ep30 step0 loss=0.2363 lr=1.70e-04
00:37:14 INFO ep30 step10 loss=0.2181 lr=1.42e-04
00:37:18 INFO [ep30] train_loss=0.2725 val_loss=0.0754 val_pr_auc=0.7329 auroc=0.9932 f1_macro=0.7506 recall_macro=0.8477 prec_macro=0.7505 acc=0.9658 (8.1s)
00:37:20 INFO ep31 step0 loss=0.2536 lr=1.39e-04
00:37:22 INFO ep31 step10 loss=0.2165 lr=1.13e-04
00:37:27 INFO [ep31] train_loss=0.2504 val_loss=0.0675 val_pr_auc=0.7373 auroc=0.9934 f1_macro=0.7752 recall_macro=0.8583 prec_macro=0.7687 acc=0.9722 (8.3s)
00:37:29 INFO ep32 step0 loss=0.2476 lr=1.11e-04
00:37:31 INFO ep32 step10 loss=0.1882 lr=8.79e-05
00:37:35 INFO [ep32] train_loss=0.2554 val_loss=0.0716 val_pr_auc=0.7421 auroc=0.9937 f1_macro=0.7513 recall_macro=0.8363 prec_macro=0.7579 acc=0.9686 (8.4s)
00:37:38 INFO ep33 step0 loss=0.1923 lr=8.57e-05
00:37:40 INFO ep33 step10 loss=0.3479 lr=6.54e-05
00:37:44 INFO [ep33] train_loss=0.2629 val_loss=0.0650 val_pr_auc=0.7413 auroc=0.9937 f1_macro=0.7617 recall_macro=0.8451 prec_macro=0.7629 acc=0.9701 (8.5s)
00:37:47 INFO ep34 step0 loss=0.3107 lr=6.35e-05
00:37:49 INFO ep34 step10 loss=0.3420 lr=4.60e-05
00:37:53 INFO [ep34] train_loss=0.2743 val_loss=0.0645 val_pr_auc=0.7452 auroc=0.9940 f1_macro=0.7632 recall_macro=0.8415 prec_macro=0.7667 acc=0.9715 (8.4s)
00:37:55 INFO ep35 step0 loss=0.2578 lr=4.44e-05
00:37:57 INFO ep35 step10 loss=0.3188 lr=2.99e-05
00:38:02 INFO [ep35] train_loss=0.2606 val_loss=0.0633 val_pr_auc=0.7447 auroc=0.9940 f1_macro=0.7710 recall_macro=0.8461 prec_macro=0.7718 acc=0.9729 (8.5s)
00:38:04 INFO ep36 step0 loss=0.2889 lr=2.86e-05
00:38:06 INFO ep36 step10 loss=0.3001 lr=1.71e-05
00:38:11 INFO [ep36] train_loss=0.2662 val_loss=0.0625 val_pr_auc=0.7452 auroc=0.9940 f1_macro=0.7710 recall_macro=0.8461 prec_macro=0.7718 acc=0.9729 (8.5s)
00:38:13 INFO ep37 step0 loss=0.2815 lr=1.61e-05
00:38:15 INFO ep37 step10 loss=0.2120 lr=7.86e-06
00:38:19 INFO [ep37] train_loss=0.2694 val_loss=0.0636 val_pr_auc=0.7442 auroc=0.9939 f1_macro=0.7685 recall_macro=0.8459 prec_macro=0.7694 acc=0.9722 (8.5s)
00:38:22 INFO ep38 step0 loss=0.2003 lr=7.19e-06
00:38:24 INFO ep38 step10 loss=0.2303 lr=2.14e-06
00:38:28 INFO [ep38] train_loss=0.2650 val_loss=0.0639 val_pr_auc=0.7442 auroc=0.9939 f1_macro=0.7685 recall_macro=0.8459 prec_macro=0.7694 acc=0.9722 (8.3s)
00:38:30 INFO ep39 step0 loss=0.2871 lr=1.80e-06
00:38:32 INFO ep39 step10 loss=0.3397 lr=1.49e-08
00:38:37 INFO [ep39] train_loss=0.2654 val_loss=0.0640 val_pr_auc=0.7442 auroc=0.9939 f1_macro=0.7685 recall_macro=0.8459 prec_macro=0.7694 acc=0.9722 (8.3s)
00:38:37 INFO === DONE status=ok elapsed=394.2s outdir=/home/seungeon/Workspace/side/radish/experiments/dinov3_base_augonly_normal_d3_d4 ===
