INFO:2026-05-31 00:32:00 2243689:2243689 init.cpp:149] Registering daemon config loader, cpuOnly =  0
INFO:2026-05-31 00:32:00 2243689:2243689 CuptiActivityProfiler.cpp:245] CUDA versions. CUPTI: 26; Runtime: 12080; Driver: 13000
00:32:01 INFO === experiment-runner :: dinov3_base_focalg1_normal_d3_d4 (task=classification smoke=False) ===
00:32:01 INFO spec=/home/seungeon/Workspace/side/radish/_workspace/specs/exp_dinov3_base_focalg1_normal_d3_d4.yaml outdir=/home/seungeon/Workspace/side/radish/experiments/dinov3_base_focalg1_normal_d3_d4 device=cuda:2
00:32:01 INFO seed=42 cudnn.benchmark=True deterministic=False
00:32:02 INFO device=cuda:2 gpu=NVIDIA RTX PRO 6000 Blackwell Max-Q Workstation Edition
00:32:03 INFO Building classification loaders: setting=normal_d3_d4 img=512 bs=64 aug=strong
00:32:35 INFO class_names=['normal', 'disease_3', 'disease_4'] train_counts={'normal': 227, 'disease_3': 227, 'disease_4': 227} valid_counts={'normal': 1303, 'disease_3': 76, 'disease_4': 24}
00:32:37 INFO loss=focal gamma=1.00 class_weights_used=True label_smoothing=0.000
00:32:37 INFO optimizer params: trainable=395267 total=86036483 (0.46%)
/home/seungeon/Workspace/side/radish/src/train.py:284: UserWarning: Converting a tensor with requires_grad=True to a scalar may lead to unexpected behavior.
Consider using tensor.detach() first. (Triggered internally at /pytorch/torch/csrc/autograd/generated/python_variable_methods.cpp:836.)
  running_loss += float(loss) * images.size(0)
00:32:43 INFO ep0 step0 loss=0.7301 lr=3.03e-05
00:32:44 INFO ep0 step10 loss=0.6313 lr=3.33e-04
00:32:50 INFO [ep0] train_loss=0.6972 val_loss=0.6059 val_pr_auc=0.4762 auroc=0.9602 f1_macro=0.4690 recall_macro=0.6771 prec_macro=0.5413 acc=0.7170 (12.9s)
00:32:52 INFO ep1 step0 loss=0.6189 lr=3.64e-04
00:32:54 INFO ep1 step10 loss=0.4054 lr=6.67e-04
00:32:59 INFO [ep1] train_loss=0.5095 val_loss=0.2684 val_pr_auc=0.5719 auroc=0.9777 f1_macro=0.3666 recall_macro=0.6101 prec_macro=0.6936 acc=0.8147 (8.3s)
00:33:01 INFO ep2 step0 loss=0.3333 lr=6.97e-04
00:33:03 INFO ep2 step10 loss=0.2867 lr=1.00e-03
00:33:07 INFO [ep2] train_loss=0.3092 val_loss=0.2212 val_pr_auc=0.5982 auroc=0.9829 f1_macro=0.3843 recall_macro=0.6355 prec_macro=0.7003 acc=0.8475 (8.3s)
00:33:10 INFO ep3 step0 loss=0.3233 lr=1.00e-03
00:33:12 INFO ep3 step10 loss=0.1830 lr=9.99e-04
00:33:16 INFO [ep3] train_loss=0.2419 val_loss=0.1510 val_pr_auc=0.6408 auroc=0.9875 f1_macro=0.6136 recall_macro=0.7892 prec_macro=0.6498 acc=0.9109 (8.1s)
00:33:19 INFO ep4 step0 loss=0.2349 lr=9.98e-04
00:33:21 INFO ep4 step10 loss=0.1373 lr=9.93e-04
00:33:25 INFO [ep4] train_loss=0.1931 val_loss=0.1023 val_pr_auc=0.6773 auroc=0.9904 f1_macro=0.6569 recall_macro=0.7949 prec_macro=0.6845 acc=0.9337 (8.2s)
00:33:28 INFO ep5 step0 loss=0.2297 lr=9.93e-04
00:33:30 INFO ep5 step10 loss=0.2098 lr=9.85e-04
00:33:34 INFO [ep5] train_loss=0.1918 val_loss=0.1056 val_pr_auc=0.6689 auroc=0.9905 f1_macro=0.6461 recall_macro=0.8028 prec_macro=0.7113 acc=0.9259 (8.3s)
00:33:36 INFO ep6 step0 loss=0.2033 lr=9.84e-04
00:33:38 INFO ep6 step10 loss=0.1855 lr=9.73e-04
00:33:43 INFO [ep6] train_loss=0.1910 val_loss=0.0735 val_pr_auc=0.6724 auroc=0.9908 f1_macro=0.7016 recall_macro=0.8043 prec_macro=0.6787 acc=0.9508 (8.5s)
00:33:45 INFO ep7 step0 loss=0.2015 lr=9.71e-04
00:33:47 INFO ep7 step10 loss=0.1566 lr=9.57e-04
00:33:51 INFO [ep7] train_loss=0.1757 val_loss=0.0738 val_pr_auc=0.7008 auroc=0.9922 f1_macro=0.6751 recall_macro=0.7954 prec_macro=0.7131 acc=0.9465 (8.3s)
00:33:54 INFO ep8 step0 loss=0.1423 lr=9.56e-04
00:33:56 INFO ep8 step10 loss=0.1740 lr=9.38e-04
00:34:01 INFO [ep8] train_loss=0.1711 val_loss=0.0633 val_pr_auc=0.7134 auroc=0.9920 f1_macro=0.7348 recall_macro=0.8364 prec_macro=0.7294 acc=0.9608 (8.5s)
00:34:03 INFO ep9 step0 loss=0.1511 lr=9.37e-04
00:34:05 INFO ep9 step10 loss=0.2087 lr=9.16e-04
00:34:09 INFO [ep9] train_loss=0.1782 val_loss=0.0535 val_pr_auc=0.7130 auroc=0.9923 f1_macro=0.7362 recall_macro=0.8223 prec_macro=0.7218 acc=0.9629 (8.1s)
00:34:12 INFO ep10 step0 loss=0.1937 lr=9.14e-04
00:34:14 INFO ep10 step10 loss=0.1781 lr=8.91e-04
00:34:18 INFO [ep10] train_loss=0.1666 val_loss=0.0619 val_pr_auc=0.6996 auroc=0.9915 f1_macro=0.7269 recall_macro=0.8156 prec_macro=0.7091 acc=0.9594 (8.2s)
00:34:20 INFO ep11 step0 loss=0.1833 lr=8.89e-04
00:34:22 INFO ep11 step10 loss=0.1409 lr=8.64e-04
00:34:26 INFO [ep11] train_loss=0.1633 val_loss=0.0480 val_pr_auc=0.7073 auroc=0.9923 f1_macro=0.7303 recall_macro=0.8035 prec_macro=0.7112 acc=0.9636 (8.0s)
00:34:29 INFO ep12 step0 loss=0.1615 lr=8.61e-04
00:34:31 INFO ep12 step10 loss=0.1577 lr=8.33e-04
00:34:35 INFO [ep12] train_loss=0.1678 val_loss=0.0511 val_pr_auc=0.7073 auroc=0.9922 f1_macro=0.7398 recall_macro=0.8213 prec_macro=0.7213 acc=0.9636 (8.3s)
00:34:37 INFO ep13 step0 loss=0.2261 lr=8.30e-04
00:34:39 INFO ep13 step10 loss=0.1418 lr=8.00e-04
00:34:44 INFO [ep13] train_loss=0.1554 val_loss=0.0400 val_pr_auc=0.7420 auroc=0.9944 f1_macro=0.7582 recall_macro=0.8485 prec_macro=0.7574 acc=0.9679 (8.5s)
00:34:46 INFO ep14 step0 loss=0.1888 lr=7.97e-04
00:34:48 INFO ep14 step10 loss=0.1157 lr=7.65e-04
00:34:53 INFO [ep14] train_loss=0.1709 val_loss=0.0410 val_pr_auc=0.7574 auroc=0.9949 f1_macro=0.7280 recall_macro=0.8203 prec_macro=0.7570 acc=0.9665 (8.1s)
00:34:55 INFO ep15 step0 loss=0.1555 lr=7.62e-04
00:34:57 INFO ep15 step10 loss=0.0967 lr=7.29e-04
00:35:02 INFO [ep15] train_loss=0.1548 val_loss=0.0440 val_pr_auc=0.7212 auroc=0.9930 f1_macro=0.7303 recall_macro=0.7807 prec_macro=0.7025 acc=0.9679 (8.3s)
00:35:04 INFO ep16 step0 loss=0.1519 lr=7.25e-04
00:35:06 INFO ep16 step10 loss=0.1857 lr=6.90e-04
00:35:10 INFO [ep16] train_loss=0.1427 val_loss=0.0590 val_pr_auc=0.7146 auroc=0.9926 f1_macro=0.7306 recall_macro=0.8374 prec_macro=0.7379 acc=0.9601 (8.2s)
00:35:13 INFO ep17 step0 loss=0.1161 lr=6.86e-04
00:35:15 INFO ep17 step10 loss=0.1451 lr=6.50e-04
00:35:19 INFO [ep17] train_loss=0.1505 val_loss=0.0596 val_pr_auc=0.7257 auroc=0.9933 f1_macro=0.7025 recall_macro=0.8167 prec_macro=0.7361 acc=0.9565 (8.1s)
00:35:21 INFO ep18 step0 loss=0.2456 lr=6.46e-04
00:35:23 INFO ep18 step10 loss=0.1342 lr=6.09e-04
00:35:27 INFO [ep18] train_loss=0.1547 val_loss=0.0461 val_pr_auc=0.7480 auroc=0.9944 f1_macro=0.7116 recall_macro=0.8144 prec_macro=0.7455 acc=0.9615 (8.4s)
00:35:30 INFO ep19 step0 loss=0.1265 lr=6.05e-04
00:35:32 INFO ep19 step10 loss=0.1486 lr=5.67e-04
00:35:36 INFO [ep19] train_loss=0.1557 val_loss=0.0489 val_pr_auc=0.7355 auroc=0.9936 f1_macro=0.7348 recall_macro=0.8435 prec_macro=0.7443 acc=0.9622 (8.3s)
00:35:39 INFO ep20 step0 loss=0.1598 lr=5.64e-04
00:35:41 INFO ep20 step10 loss=0.1036 lr=5.25e-04
00:35:45 INFO [ep20] train_loss=0.1369 val_loss=0.0475 val_pr_auc=0.7400 auroc=0.9938 f1_macro=0.7242 recall_macro=0.8255 prec_macro=0.7346 acc=0.9615 (8.5s)
00:35:47 INFO ep21 step0 loss=0.1880 lr=5.21e-04
00:35:49 INFO ep21 step10 loss=0.0961 lr=4.83e-04
00:35:53 INFO [ep21] train_loss=0.1415 val_loss=0.0539 val_pr_auc=0.7108 auroc=0.9921 f1_macro=0.7576 recall_macro=0.8493 prec_macro=0.7317 acc=0.9658 (8.3s)
00:35:56 INFO ep22 step0 loss=0.1372 lr=4.79e-04
00:35:58 INFO ep22 step10 loss=0.0831 lr=4.40e-04
00:36:02 INFO [ep22] train_loss=0.1487 val_loss=0.0381 val_pr_auc=0.7336 auroc=0.9935 f1_macro=0.7670 recall_macro=0.8283 prec_macro=0.7354 acc=0.9715 (8.4s)
00:36:05 INFO ep23 step0 loss=0.1480 lr=4.36e-04
00:36:07 INFO ep23 step10 loss=0.1761 lr=3.98e-04
00:36:11 INFO [ep23] train_loss=0.1703 val_loss=0.0397 val_pr_auc=0.7303 auroc=0.9933 f1_macro=0.7676 recall_macro=0.8321 prec_macro=0.7327 acc=0.9708 (8.3s)
00:36:13 INFO ep24 step0 loss=0.1767 lr=3.95e-04
00:36:15 INFO ep24 step10 loss=0.2239 lr=3.57e-04
00:36:20 INFO [ep24] train_loss=0.1522 val_loss=0.0441 val_pr_auc=0.7396 auroc=0.9940 f1_macro=0.7376 recall_macro=0.8348 prec_macro=0.7419 acc=0.9644 (8.5s)
00:36:22 INFO ep25 step0 loss=0.1291 lr=3.54e-04
00:36:24 INFO ep25 step10 loss=0.1417 lr=3.17e-04
00:36:28 INFO [ep25] train_loss=0.1336 val_loss=0.0355 val_pr_auc=0.7535 auroc=0.9945 f1_macro=0.7772 recall_macro=0.8544 prec_macro=0.7697 acc=0.9729 (8.4s)
00:36:31 INFO ep26 step0 loss=0.1404 lr=3.14e-04
00:36:33 INFO ep26 step10 loss=0.1319 lr=2.78e-04
00:36:37 INFO [ep26] train_loss=0.1377 val_loss=0.0327 val_pr_auc=0.7579 auroc=0.9947 f1_macro=0.7823 recall_macro=0.8549 prec_macro=0.7749 acc=0.9743 (8.5s)
00:36:40 INFO ep27 step0 loss=0.1800 lr=2.75e-04
00:36:42 INFO ep27 step10 loss=0.1373 lr=2.41e-04
00:36:46 INFO [ep27] train_loss=0.1321 val_loss=0.0390 val_pr_auc=0.7520 auroc=0.9942 f1_macro=0.7532 recall_macro=0.8441 prec_macro=0.7514 acc=0.9672 (8.3s)
00:36:49 INFO ep28 step0 loss=0.1793 lr=2.38e-04
00:36:51 INFO ep28 step10 loss=0.0970 lr=2.06e-04
00:36:55 INFO [ep28] train_loss=0.1382 val_loss=0.0454 val_pr_auc=0.7378 auroc=0.9935 f1_macro=0.7581 recall_macro=0.8562 prec_macro=0.7495 acc=0.9665 (8.3s)
00:36:58 INFO ep29 step0 loss=0.1432 lr=2.03e-04
00:36:59 INFO ep29 step10 loss=0.0814 lr=1.73e-04
00:37:03 INFO [ep29] train_loss=0.1402 val_loss=0.0520 val_pr_auc=0.7315 auroc=0.9932 f1_macro=0.7418 recall_macro=0.8428 prec_macro=0.7414 acc=0.9636 (8.2s)
00:37:06 INFO ep30 step0 loss=0.1191 lr=1.70e-04
00:37:08 INFO ep30 step10 loss=0.1026 lr=1.42e-04
00:37:12 INFO [ep30] train_loss=0.1350 val_loss=0.0481 val_pr_auc=0.7324 auroc=0.9933 f1_macro=0.7466 recall_macro=0.8472 prec_macro=0.7435 acc=0.9644 (8.3s)
00:37:14 INFO ep31 step0 loss=0.1273 lr=1.39e-04
00:37:16 INFO ep31 step10 loss=0.1051 lr=1.13e-04
00:37:21 INFO [ep31] train_loss=0.1237 val_loss=0.0437 val_pr_auc=0.7349 auroc=0.9935 f1_macro=0.7552 recall_macro=0.8521 prec_macro=0.7490 acc=0.9665 (8.5s)
00:37:23 INFO ep32 step0 loss=0.1259 lr=1.11e-04
00:37:25 INFO ep32 step10 loss=0.0933 lr=8.79e-05
00:37:29 INFO [ep32] train_loss=0.1275 val_loss=0.0432 val_pr_auc=0.7384 auroc=0.9937 f1_macro=0.7494 recall_macro=0.8438 prec_macro=0.7480 acc=0.9665 (8.5s)
00:37:32 INFO ep33 step0 loss=0.0937 lr=8.57e-05
00:37:34 INFO ep33 step10 loss=0.1693 lr=6.54e-05
00:37:38 INFO [ep33] train_loss=0.1333 val_loss=0.0400 val_pr_auc=0.7416 auroc=0.9938 f1_macro=0.7593 recall_macro=0.8526 prec_macro=0.7527 acc=0.9679 (8.4s)
00:37:41 INFO ep34 step0 loss=0.1538 lr=6.35e-05
00:37:43 INFO ep34 step10 loss=0.1695 lr=4.60e-05
00:37:47 INFO [ep34] train_loss=0.1361 val_loss=0.0392 val_pr_auc=0.7451 auroc=0.9941 f1_macro=0.7481 recall_macro=0.8397 prec_macro=0.7490 acc=0.9665 (8.4s)
00:37:49 INFO ep35 step0 loss=0.1274 lr=4.44e-05
00:37:51 INFO ep35 step10 loss=0.1558 lr=2.99e-05
00:37:56 INFO [ep35] train_loss=0.1289 val_loss=0.0377 val_pr_auc=0.7459 auroc=0.9941 f1_macro=0.7553 recall_macro=0.8443 prec_macro=0.7533 acc=0.9679 (8.4s)
00:37:58 INFO ep36 step0 loss=0.1409 lr=2.86e-05
00:38:00 INFO ep36 step10 loss=0.1492 lr=1.71e-05
00:38:05 INFO [ep36] train_loss=0.1326 val_loss=0.0374 val_pr_auc=0.7457 auroc=0.9940 f1_macro=0.7603 recall_macro=0.8487 prec_macro=0.7558 acc=0.9686 (8.5s)
00:38:07 INFO ep37 step0 loss=0.1393 lr=1.61e-05
00:38:09 INFO ep37 step10 loss=0.1060 lr=7.86e-06
00:38:13 INFO [ep37] train_loss=0.1345 val_loss=0.0383 val_pr_auc=0.7458 auroc=0.9940 f1_macro=0.7553 recall_macro=0.8443 prec_macro=0.7533 acc=0.9679 (8.4s)
00:38:16 INFO ep38 step0 loss=0.1036 lr=7.19e-06
00:38:18 INFO ep38 step10 loss=0.1169 lr=2.14e-06
00:38:22 INFO [ep38] train_loss=0.1320 val_loss=0.0386 val_pr_auc=0.7453 auroc=0.9940 f1_macro=0.7553 recall_macro=0.8443 prec_macro=0.7533 acc=0.9679 (8.4s)
00:38:24 INFO ep39 step0 loss=0.1425 lr=1.80e-06
00:38:26 INFO ep39 step10 loss=0.1708 lr=1.49e-08
00:38:31 INFO [ep39] train_loss=0.1299 val_loss=0.0387 val_pr_auc=0.7451 auroc=0.9940 f1_macro=0.7553 recall_macro=0.8443 prec_macro=0.7533 acc=0.9679 (8.3s)
00:38:31 INFO === DONE status=ok elapsed=388.2s outdir=/home/seungeon/Workspace/side/radish/experiments/dinov3_base_focalg1_normal_d3_d4 ===
