INFO:2026-05-31 00:32:00 2243690:2243690 init.cpp:149] Registering daemon config loader, cpuOnly =  0
INFO:2026-05-31 00:32:00 2243690:2243690 CuptiActivityProfiler.cpp:245] CUDA versions. CUPTI: 26; Runtime: 12080; Driver: 13000
00:32:01 INFO === experiment-runner :: dinov3_base_focalg3_normal_d3_d4 (task=classification smoke=False) ===
00:32:01 INFO spec=/home/seungeon/Workspace/side/radish/_workspace/specs/exp_dinov3_base_focalg3_normal_d3_d4.yaml outdir=/home/seungeon/Workspace/side/radish/experiments/dinov3_base_focalg3_normal_d3_d4 device=cuda:3
00:32:01 INFO seed=42 cudnn.benchmark=True deterministic=False
00:32:02 INFO device=cuda:3 gpu=NVIDIA RTX PRO 6000 Blackwell Max-Q Workstation Edition
00:32:03 INFO Building classification loaders: setting=normal_d3_d4 img=512 bs=64 aug=strong
00:32:36 INFO class_names=['normal', 'disease_3', 'disease_4'] train_counts={'normal': 227, 'disease_3': 227, 'disease_4': 227} valid_counts={'normal': 1303, 'disease_3': 76, 'disease_4': 24}
00:32:37 INFO loss=focal gamma=3.00 class_weights_used=True label_smoothing=0.000
00:32:37 INFO optimizer params: trainable=395267 total=86036483 (0.46%)
/home/seungeon/Workspace/side/radish/src/train.py:284: UserWarning: Converting a tensor with requires_grad=True to a scalar may lead to unexpected behavior.
Consider using tensor.detach() first. (Triggered internally at /pytorch/torch/csrc/autograd/generated/python_variable_methods.cpp:836.)
  running_loss += float(loss) * images.size(0)
00:32:43 INFO ep0 step0 loss=0.3243 lr=3.03e-05
00:32:45 INFO ep0 step10 loss=0.2554 lr=3.33e-04
00:32:50 INFO [ep0] train_loss=0.3005 val_loss=0.2504 val_pr_auc=0.4772 auroc=0.9609 f1_macro=0.4668 recall_macro=0.6812 prec_macro=0.5588 acc=0.7021 (12.9s)
00:32:53 INFO ep1 step0 loss=0.2465 lr=3.64e-04
00:32:55 INFO ep1 step10 loss=0.1390 lr=6.67e-04
00:32:59 INFO [ep1] train_loss=0.1875 val_loss=0.1272 val_pr_auc=0.5878 auroc=0.9808 f1_macro=0.4014 recall_macro=0.6390 prec_macro=0.6929 acc=0.7997 (8.4s)
00:33:02 INFO ep2 step0 loss=0.1059 lr=6.97e-04
00:33:04 INFO ep2 step10 loss=0.0828 lr=1.00e-03
00:33:08 INFO [ep2] train_loss=0.0947 val_loss=0.0678 val_pr_auc=0.6490 auroc=0.9880 f1_macro=0.5330 recall_macro=0.7254 prec_macro=0.6455 acc=0.9024 (8.1s)
00:33:11 INFO ep3 step0 loss=0.0923 lr=1.00e-03
00:33:13 INFO ep3 step10 loss=0.0695 lr=9.99e-04
00:33:17 INFO [ep3] train_loss=0.0721 val_loss=0.0749 val_pr_auc=0.6779 auroc=0.9908 f1_macro=0.6186 recall_macro=0.7841 prec_macro=0.6126 acc=0.9152 (8.4s)
00:33:20 INFO ep4 step0 loss=0.0782 lr=9.98e-04
00:33:22 INFO ep4 step10 loss=0.0344 lr=9.93e-04
00:33:26 INFO [ep4] train_loss=0.0566 val_loss=0.0842 val_pr_auc=0.6816 auroc=0.9911 f1_macro=0.5993 recall_macro=0.7696 prec_macro=0.6956 acc=0.9024 (8.5s)
00:33:29 INFO ep5 step0 loss=0.0773 lr=9.93e-04
00:33:31 INFO ep5 step10 loss=0.0573 lr=9.85e-04
00:33:35 INFO [ep5] train_loss=0.0529 val_loss=0.0474 val_pr_auc=0.7048 auroc=0.9928 f1_macro=0.6661 recall_macro=0.8088 prec_macro=0.7105 acc=0.9344 (8.5s)
00:33:38 INFO ep6 step0 loss=0.0586 lr=9.84e-04
00:33:40 INFO ep6 step10 loss=0.0499 lr=9.73e-04
00:33:45 INFO [ep6] train_loss=0.0529 val_loss=0.0421 val_pr_auc=0.6911 auroc=0.9923 f1_macro=0.6543 recall_macro=0.7270 prec_macro=0.6238 acc=0.9437 (8.7s)
00:33:48 INFO ep7 step0 loss=0.0660 lr=9.71e-04
00:33:49 INFO ep7 step10 loss=0.0430 lr=9.57e-04
00:33:53 INFO [ep7] train_loss=0.0492 val_loss=0.0320 val_pr_auc=0.7328 auroc=0.9940 f1_macro=0.6390 recall_macro=0.7700 prec_macro=0.7190 acc=0.9416 (8.4s)
00:33:56 INFO ep8 step0 loss=0.0385 lr=9.56e-04
00:33:58 INFO ep8 step10 loss=0.0458 lr=9.38e-04
00:34:03 INFO [ep8] train_loss=0.0471 val_loss=0.0334 val_pr_auc=0.7351 auroc=0.9935 f1_macro=0.7179 recall_macro=0.8353 prec_macro=0.7239 acc=0.9544 (8.7s)
00:34:05 INFO ep9 step0 loss=0.0403 lr=9.37e-04
00:34:07 INFO ep9 step10 loss=0.0571 lr=9.16e-04
00:34:12 INFO [ep9] train_loss=0.0522 val_loss=0.0218 val_pr_auc=0.7388 auroc=0.9942 f1_macro=0.7460 recall_macro=0.8364 prec_macro=0.7318 acc=0.9644 (8.4s)
00:34:15 INFO ep10 step0 loss=0.0497 lr=9.14e-04
00:34:17 INFO ep10 step10 loss=0.0468 lr=8.91e-04
00:34:21 INFO [ep10] train_loss=0.0464 val_loss=0.0295 val_pr_auc=0.7305 auroc=0.9936 f1_macro=0.7110 recall_macro=0.7917 prec_macro=0.6871 acc=0.9572 (8.5s)
00:34:23 INFO ep11 step0 loss=0.0550 lr=8.89e-04
00:34:25 INFO ep11 step10 loss=0.0391 lr=8.64e-04
00:34:30 INFO [ep11] train_loss=0.0466 val_loss=0.0209 val_pr_auc=0.7330 auroc=0.9940 f1_macro=0.7345 recall_macro=0.8079 prec_macro=0.7113 acc=0.9644 (8.5s)
00:34:32 INFO ep12 step0 loss=0.0424 lr=8.61e-04
00:34:34 INFO ep12 step10 loss=0.0422 lr=8.33e-04
00:34:39 INFO [ep12] train_loss=0.0466 val_loss=0.0224 val_pr_auc=0.7313 auroc=0.9939 f1_macro=0.7502 recall_macro=0.8498 prec_macro=0.7370 acc=0.9636 (8.4s)
00:34:41 INFO ep13 step0 loss=0.0573 lr=8.30e-04
00:34:43 INFO ep13 step10 loss=0.0355 lr=8.00e-04
00:34:47 INFO [ep13] train_loss=0.0420 val_loss=0.0196 val_pr_auc=0.7470 auroc=0.9948 f1_macro=0.7412 recall_macro=0.8479 prec_macro=0.7475 acc=0.9629 (8.1s)
00:34:50 INFO ep14 step0 loss=0.0562 lr=7.97e-04
00:34:52 INFO ep14 step10 loss=0.0302 lr=7.65e-04
00:34:56 INFO [ep14] train_loss=0.0494 val_loss=0.0120 val_pr_auc=0.7623 auroc=0.9953 f1_macro=0.7407 recall_macro=0.8218 prec_macro=0.7685 acc=0.9708 (8.6s)
00:34:59 INFO ep15 step0 loss=0.0453 lr=7.62e-04
00:35:01 INFO ep15 step10 loss=0.0282 lr=7.29e-04
00:35:06 INFO [ep15] train_loss=0.0458 val_loss=0.0320 val_pr_auc=0.7207 auroc=0.9934 f1_macro=0.7276 recall_macro=0.8057 prec_macro=0.6926 acc=0.9615 (8.4s)
00:35:08 INFO ep16 step0 loss=0.0402 lr=7.25e-04
00:35:10 INFO ep16 step10 loss=0.0479 lr=6.90e-04
00:35:14 INFO [ep16] train_loss=0.0403 val_loss=0.0268 val_pr_auc=0.7301 auroc=0.9940 f1_macro=0.7088 recall_macro=0.8250 prec_macro=0.7317 acc=0.9565 (8.4s)
00:35:17 INFO ep17 step0 loss=0.0324 lr=6.86e-04
00:35:19 INFO ep17 step10 loss=0.0402 lr=6.50e-04
00:35:23 INFO [ep17] train_loss=0.0414 val_loss=0.0259 val_pr_auc=0.7414 auroc=0.9943 f1_macro=0.7005 recall_macro=0.8164 prec_macro=0.7293 acc=0.9558 (8.5s)
00:35:26 INFO ep18 step0 loss=0.0781 lr=6.46e-04
00:35:28 INFO ep18 step10 loss=0.0402 lr=6.09e-04
00:35:32 INFO [ep18] train_loss=0.0449 val_loss=0.0165 val_pr_auc=0.7570 auroc=0.9950 f1_macro=0.7490 recall_macro=0.8492 prec_macro=0.7543 acc=0.9665 (8.6s)
00:35:35 INFO ep19 step0 loss=0.0326 lr=6.05e-04
00:35:37 INFO ep19 step10 loss=0.0382 lr=5.67e-04
00:35:41 INFO [ep19] train_loss=0.0403 val_loss=0.0246 val_pr_auc=0.7457 auroc=0.9943 f1_macro=0.7493 recall_macro=0.8567 prec_macro=0.7503 acc=0.9644 (8.6s)
00:35:44 INFO ep20 step0 loss=0.0410 lr=5.64e-04
00:35:46 INFO ep20 step10 loss=0.0268 lr=5.25e-04
00:35:50 INFO [ep20] train_loss=0.0364 val_loss=0.0213 val_pr_auc=0.7496 auroc=0.9945 f1_macro=0.7316 recall_macro=0.8394 prec_macro=0.7438 acc=0.9622 (8.7s)
00:35:53 INFO ep21 step0 loss=0.0461 lr=5.21e-04
00:35:55 INFO ep21 step10 loss=0.0263 lr=4.83e-04
00:36:00 INFO [ep21] train_loss=0.0373 val_loss=0.0255 val_pr_auc=0.7301 auroc=0.9937 f1_macro=0.7438 recall_macro=0.8128 prec_macro=0.7100 acc=0.9665 (8.7s)
00:36:02 INFO ep22 step0 loss=0.0371 lr=4.79e-04
00:36:04 INFO ep22 step10 loss=0.0226 lr=4.40e-04
00:36:09 INFO [ep22] train_loss=0.0408 val_loss=0.0158 val_pr_auc=0.7510 auroc=0.9947 f1_macro=0.7701 recall_macro=0.8219 prec_macro=0.7333 acc=0.9722 (9.0s)
00:36:11 INFO ep23 step0 loss=0.0412 lr=4.36e-04
00:36:13 INFO ep23 step10 loss=0.0494 lr=3.98e-04
00:36:18 INFO [ep23] train_loss=0.0459 val_loss=0.0185 val_pr_auc=0.7477 auroc=0.9944 f1_macro=0.7429 recall_macro=0.7844 prec_macro=0.7096 acc=0.9701 (8.5s)
00:36:20 INFO ep24 step0 loss=0.0548 lr=3.95e-04
00:36:22 INFO ep24 step10 loss=0.0728 lr=3.57e-04
00:36:27 INFO [ep24] train_loss=0.0436 val_loss=0.0154 val_pr_auc=0.7600 auroc=0.9951 f1_macro=0.7690 recall_macro=0.8521 prec_macro=0.7463 acc=0.9701 (8.5s)
00:36:29 INFO ep25 step0 loss=0.0325 lr=3.54e-04
00:36:31 INFO ep25 step10 loss=0.0370 lr=3.17e-04
00:36:35 INFO [ep25] train_loss=0.0363 val_loss=0.0123 val_pr_auc=0.7658 auroc=0.9952 f1_macro=0.7814 recall_macro=0.8531 prec_macro=0.7591 acc=0.9729 (8.2s)
00:36:38 INFO ep26 step0 loss=0.0374 lr=3.14e-04
00:36:40 INFO ep26 step10 loss=0.0389 lr=2.78e-04
00:36:44 INFO [ep26] train_loss=0.0380 val_loss=0.0113 val_pr_auc=0.7685 auroc=0.9954 f1_macro=0.7665 recall_macro=0.8456 prec_macro=0.7639 acc=0.9715 (8.6s)
00:36:48 INFO ep27 step0 loss=0.0490 lr=2.75e-04
00:36:49 INFO ep27 step10 loss=0.0370 lr=2.41e-04
00:36:53 INFO [ep27] train_loss=0.0359 val_loss=0.0155 val_pr_auc=0.7620 auroc=0.9951 f1_macro=0.7490 recall_macro=0.8492 prec_macro=0.7543 acc=0.9665 (8.4s)
00:36:56 INFO ep28 step0 loss=0.0459 lr=2.38e-04
00:36:58 INFO ep28 step10 loss=0.0257 lr=2.06e-04
00:37:02 INFO [ep28] train_loss=0.0365 val_loss=0.0203 val_pr_auc=0.7540 auroc=0.9945 f1_macro=0.7570 recall_macro=0.8470 prec_macro=0.7450 acc=0.9672 (8.3s)
00:37:05 INFO ep29 step0 loss=0.0387 lr=2.03e-04
00:37:07 INFO ep29 step10 loss=0.0230 lr=1.73e-04
00:37:11 INFO [ep29] train_loss=0.0376 val_loss=0.0251 val_pr_auc=0.7470 auroc=0.9943 f1_macro=0.7288 recall_macro=0.8335 prec_macro=0.7344 acc=0.9608 (8.4s)
00:37:13 INFO ep30 step0 loss=0.0321 lr=1.70e-04
00:37:15 INFO ep30 step10 loss=0.0264 lr=1.42e-04
00:37:19 INFO [ep30] train_loss=0.0369 val_loss=0.0216 val_pr_auc=0.7490 auroc=0.9944 f1_macro=0.7504 recall_macro=0.8477 prec_macro=0.7468 acc=0.9658 (8.0s)
00:37:21 INFO ep31 step0 loss=0.0337 lr=1.39e-04
00:37:23 INFO ep31 step10 loss=0.0270 lr=1.13e-04
00:37:27 INFO [ep31] train_loss=0.0328 val_loss=0.0187 val_pr_auc=0.7518 auroc=0.9945 f1_macro=0.7523 recall_macro=0.8480 prec_macro=0.7485 acc=0.9665 (8.0s)
00:37:30 INFO ep32 step0 loss=0.0362 lr=1.11e-04
00:37:32 INFO ep32 step10 loss=0.0251 lr=8.79e-05
00:37:36 INFO [ep32] train_loss=0.0343 val_loss=0.0175 val_pr_auc=0.7559 auroc=0.9948 f1_macro=0.7494 recall_macro=0.8438 prec_macro=0.7480 acc=0.9665 (8.3s)
00:37:38 INFO ep33 step0 loss=0.0262 lr=8.57e-05
00:37:40 INFO ep33 step10 loss=0.0446 lr=6.54e-05
00:37:45 INFO [ep33] train_loss=0.0371 val_loss=0.0159 val_pr_auc=0.7589 auroc=0.9949 f1_macro=0.7494 recall_macro=0.8438 prec_macro=0.7480 acc=0.9665 (8.4s)
00:37:47 INFO ep34 step0 loss=0.0394 lr=6.35e-05
00:37:49 INFO ep34 step10 loss=0.0448 lr=4.60e-05
00:37:53 INFO [ep34] train_loss=0.0365 val_loss=0.0141 val_pr_auc=0.7604 auroc=0.9950 f1_macro=0.7400 recall_macro=0.8312 prec_macro=0.7461 acc=0.9658 (8.1s)
00:37:55 INFO ep35 step0 loss=0.0342 lr=4.44e-05
00:37:57 INFO ep35 step10 loss=0.0404 lr=2.99e-05
00:38:01 INFO [ep35] train_loss=0.0351 val_loss=0.0135 val_pr_auc=0.7610 auroc=0.9950 f1_macro=0.7625 recall_macro=0.8490 prec_macro=0.7579 acc=0.9694 (8.0s)
00:38:04 INFO ep36 step0 loss=0.0371 lr=2.86e-05
00:38:06 INFO ep36 step10 loss=0.0401 lr=1.71e-05
00:38:10 INFO [ep36] train_loss=0.0359 val_loss=0.0137 val_pr_auc=0.7608 auroc=0.9950 f1_macro=0.7635 recall_macro=0.8531 prec_macro=0.7566 acc=0.9694 (8.3s)
00:38:13 INFO ep37 step0 loss=0.0377 lr=1.61e-05
00:38:15 INFO ep37 step10 loss=0.0290 lr=7.86e-06
00:38:19 INFO [ep37] train_loss=0.0360 val_loss=0.0142 val_pr_auc=0.7602 auroc=0.9949 f1_macro=0.7534 recall_macro=0.8443 prec_macro=0.7517 acc=0.9679 (8.0s)
00:38:21 INFO ep38 step0 loss=0.0297 lr=7.19e-06
00:38:23 INFO ep38 step10 loss=0.0327 lr=2.14e-06
00:38:27 INFO [ep38] train_loss=0.0355 val_loss=0.0144 val_pr_auc=0.7601 auroc=0.9949 f1_macro=0.7514 recall_macro=0.8441 prec_macro=0.7498 acc=0.9672 (7.9s)
00:38:29 INFO ep39 step0 loss=0.0374 lr=1.80e-06
00:38:31 INFO ep39 step10 loss=0.0443 lr=1.49e-08
00:38:35 INFO [ep39] train_loss=0.0344 val_loss=0.0144 val_pr_auc=0.7602 auroc=0.9949 f1_macro=0.7514 recall_macro=0.8441 prec_macro=0.7498 acc=0.9672 (8.2s)
00:38:36 INFO === DONE status=ok elapsed=393.0s outdir=/home/seungeon/Workspace/side/radish/experiments/dinov3_base_focalg3_normal_d3_d4 ===
